This is pdfTeX, Version 3.14159265-2.6-1.40.20 (MiKTeX 2.9.7250 64-bit) (preloaded format=pdflatex 2020.1.7)  18 FEB 2020 11:51
entering extended mode
**./main.tex
(main.tex
LaTeX2e <2019-10-01> patch level 3
(C:\Users\USUARI\Desktop\Latex\installation\tex/latex/base\article.cls
Document Class: article 2019/10/25 v1.4k Standard LaTeX document class
(C:\Users\USUARI\Desktop\Latex\installation\tex/latex/base\size10.clo
File: size10.clo 2019/10/25 v1.4k Standard LaTeX file (size option)
)
\c@part=\count80
\c@section=\count81
\c@subsection=\count82
\c@subsubsection=\count83
\c@paragraph=\count84
\c@subparagraph=\count85
\c@figure=\count86
\c@table=\count87
\abovecaptionskip=\skip41
\belowcaptionskip=\skip42
\bibindent=\dimen102
)
(C:\Users\USUARI\Desktop\Latex\installation\tex/generic/babel\babel.sty
Package: babel 2019/11/14 3.36 The Babel package

(C:\Users\USUARI\Desktop\Latex\installation\tex/generic/babel\switch.def
File: switch.def 2019/11/14 3.36 Babel switching mechanism
)
*************************************
* Local config file bblopts.cfg used
*
(C:\Users\USUARI\Desktop\Latex\installation\tex/latex/arabi\bblopts.cfg
File: bblopts.cfg 2005/09/08 v0.1 add Arabic and Farsi to "declared" options of
 babel
)
(C:\Users\USUARI\Desktop\Latex\installation\tex/generic/babel-french\francais.l
df
Language: francais 2019/09/07 v3.5f French support from the babel system


Package francais.ldf Warning: Option `francais' for Babel is *deprecated*,
(francais.ldf)                it might be removed sooner or later. Please
(francais.ldf)                use `french' instead; reported on input line 31.


(C:\Users\USUARI\Desktop\Latex\installation\tex/generic/babel-french\french.ldf
Language: french 2019/09/07 v3.5f French support from the babel system
(C:\Users\USUARI\Desktop\Latex\installation\tex/generic/babel\babel.def
File: babel.def 2019/11/14 3.36 Babel common definitions
\babel@savecnt=\count88
\U@D=\dimen103

(C:\Users\USUARI\Desktop\Latex\installation\tex/generic/babel\txtbabel.def)
\bbl@dirlevel=\count89
)
Package babel Info: \l@acadian = using hyphenrules for french
(babel)             (\language22) on input line 91.
Package babel Info: \l@canadien = using hyphenrules for french
(babel)             (\language22) on input line 92.
\FB@nonchar=\count90
Package babel Info: Making : an active character on input line 419.
Package babel Info: Making ; an active character on input line 420.
Package babel Info: Making ! an active character on input line 421.
Package babel Info: Making ? an active character on input line 422.
\FBguill@level=\count91
\FBold@everypar=\toks14
\FB@Mht=\dimen104
\mc@charclass=\count92
\mc@charfam=\count93
\mc@charslot=\count94
\std@mcc=\count95
\dec@mcc=\count96
\c@FBcaption@count=\count97
\listindentFB=\dimen105
\descindentFB=\dimen106
\labelindentFB=\dimen107
\labelwidthFB=\dimen108
\leftmarginFB=\dimen109
\parindentFFN=\dimen110
\FBfnindent=\dimen111
))) (C:\Users\USUARI\Desktop\Latex\installation\tex/latex/carlisle\scalefnt.sty
)
(C:\Users\USUARI\Desktop\Latex\installation\tex/latex/graphics\keyval.sty
Package: keyval 2014/10/28 v1.15 key=value parser (DPC)
\KV@toks@=\toks15
)
(C:\Users\USUARI\Desktop\Latex\installation\tex/latex/base\inputenc.sty
Package: inputenc 2018/08/11 v1.3c Input encoding file
\inpenc@prehook=\toks16
\inpenc@posthook=\toks17

(C:\Users\USUARI\Desktop\Latex\installation\tex/latex/base\latin1.def
File: latin1.def 2018/08/11 v1.3c Input encoding file
))

! LaTeX Error: Option clash for package inputenc.

See the LaTeX manual or LaTeX Companion for explanation.
Type  H <return>  for immediate help.
 ...                                              
                                                  
l.5 \usepackage
               [T1]{fontenc}
The package inputenc has already been loaded with options:
  [latin1]
There has now been an attempt to load it with options
  [utf8]
Adding the global options:
  latin1,utf8
to your \documentclass declaration may fix this.
Try typing  <return>  to proceed.

(C:\Users\USUARI\Desktop\Latex\installation\tex/latex/base\fontenc.sty
Package: fontenc 2018/08/11 v2.0j Standard LaTeX package

(C:\Users\USUARI\Desktop\Latex\installation\tex/latex/base\t1enc.def
File: t1enc.def 2018/08/11 v2.0j Standard LaTeX file
LaTeX Font Info:    Redeclaring font encoding T1 on input line 48.
))
(C:\Users\USUARI\Desktop\Latex\installation\tex/latex/geometry\geometry.sty
Package: geometry 2020/01/02 v5.9 Page Geometry

(C:\Users\USUARI\Desktop\Latex\installation\tex/generic/iftex\ifvtex.sty
Package: ifvtex 2019/10/25 v1.7 ifvtex legacy package. Use iftex instead.

(C:\Users\USUARI\Desktop\Latex\installation\tex/generic/iftex\iftex.sty
Package: iftex 2019/11/07 v1.0c TeX engine tests
))
\Gm@cnth=\count98
\Gm@cntv=\count99
\c@Gm@tempcnt=\count100
\Gm@bindingoffset=\dimen112
\Gm@wd@mp=\dimen113
\Gm@odd@mp=\dimen114
\Gm@even@mp=\dimen115
\Gm@layoutwidth=\dimen116
\Gm@layoutheight=\dimen117
\Gm@layouthoffset=\dimen118
\Gm@layoutvoffset=\dimen119
\Gm@dimlist=\toks18

(C:\Users\USUARI\Desktop\Latex\installation\tex/latex/geometry\geometry.cfg))
! Illegal unit of measure (pt inserted).
<to be read again> 
                   \par 
l.16 
     
Dimensions can be in units of em, ex, in, pt, pc,
cm, mm, dd, cc, nd, nc, bp, or sp; but yours is a new one!
I'll assume that you meant to say pt, for printer's points.
To recover gracefully from this error, it's best to
delete the erroneous units; e.g., type `2' to delete
two letters. (See Chapter 27 of The TeXbook.)

(C:\Users\USUARI\Desktop\Latex\installation\tex/latex/xcolor\xcolor.sty
Package: xcolor 2016/05/11 v2.12 LaTeX color extensions (UK)

(C:\Users\USUARI\Desktop\Latex\installation\tex/latex/graphics-cfg\color.cfg
File: color.cfg 2016/01/02 v1.6 sample color configuration
)
Package xcolor Info: Driver file: pdftex.def on input line 225.

(C:\Users\USUARI\Desktop\Latex\installation\tex/latex/graphics-def\pdftex.def
File: pdftex.def 2018/01/08 v1.0l Graphics/color driver for pdftex
)
Package xcolor Info: Model `cmy' substituted by `cmy0' on input line 1348.
Package xcolor Info: Model `hsb' substituted by `rgb' on input line 1352.
Package xcolor Info: Model `RGB' extended on input line 1364.
Package xcolor Info: Model `HTML' substituted by `rgb' on input line 1366.
Package xcolor Info: Model `Hsb' substituted by `hsb' on input line 1367.
Package xcolor Info: Model `tHsb' substituted by `hsb' on input line 1368.
Package xcolor Info: Model `HSB' substituted by `hsb' on input line 1369.
Package xcolor Info: Model `Gray' substituted by `gray' on input line 1370.
Package xcolor Info: Model `wave' substituted by `hsb' on input line 1371.
)

! LaTeX Error: Option clash for package xcolor.

See the LaTeX manual or LaTeX Companion for explanation.
Type  H <return>  for immediate help.
 ...                                              
                                                  
l.20 
     
The package xcolor has already been loaded with options:
  []
There has now been an attempt to load it with options
  [dvipsnames]
Adding the global options:
  ,dvipsnames
to your \documentclass declaration may fix this.
Try typing  <return>  to proceed.

(C:\Users\USUARI\Desktop\Latex\installation\tex/latex/fancyhdr\fancyhdr.sty
Package: fancyhdr 2019/01/31 v3.10 Extensive control of page headers and footer
s
\f@nch@headwidth=\skip43
\f@nch@O@elh=\skip44
\f@nch@O@erh=\skip45
\f@nch@O@olh=\skip46
\f@nch@O@orh=\skip47
\f@nch@O@elf=\skip48
\f@nch@O@erf=\skip49
\f@nch@O@olf=\skip50
\f@nch@O@orf=\skip51
)
(C:\Users\USUARI\Desktop\Latex\installation\tex/latex/graphics\graphicx.sty
Package: graphicx 2017/06/01 v1.1a Enhanced LaTeX Graphics (DPC,SPQR)

(C:\Users\USUARI\Desktop\Latex\installation\tex/latex/graphics\graphics.sty
Package: graphics 2019/11/01 v1.3d Standard LaTeX Graphics (DPC,SPQR)

(C:\Users\USUARI\Desktop\Latex\installation\tex/latex/graphics\trig.sty
Package: trig 2016/01/03 v1.10 sin cos tan (DPC)
)
(C:\Users\USUARI\Desktop\Latex\installation\tex/latex/graphics-cfg\graphics.cfg
File: graphics.cfg 2016/06/04 v1.11 sample graphics configuration
)
Package graphics Info: Driver file: pdftex.def on input line 105.
)
\Gin@req@height=\dimen120
\Gin@req@width=\dimen121
) (C:\Users\USUARI\Desktop\Latex\installation\tex/latex/float\float.sty
Package: float 2001/11/08 v1.3d Float enhancements (AL)
\c@float@type=\count101
\float@exts=\toks19
\float@box=\box27
\@float@everytoks=\toks20
\@floatcapt=\box28
)
(C:\Users\USUARI\Desktop\Latex\installation\tex/latex/caption\caption.sty
Package: caption 2020/01/03 v3.4h Customizing captions (AR)

(C:\Users\USUARI\Desktop\Latex\installation\tex/latex/caption\caption3.sty
Package: caption3 2020/01/03 v1.8h caption3 kernel (AR)
Package caption3 Info: TeX engine: e-TeX on input line 61.
\captionmargin=\dimen122
\captionmargin@=\dimen123
\captionwidth=\dimen124
\caption@tempdima=\dimen125
\caption@indent=\dimen126
\caption@parindent=\dimen127
\caption@hangindent=\dimen128
Package caption Info: Standard document class detected.
)
\c@caption@flags=\count102
\c@continuedfloat=\count103
Package caption Info: float package is loaded.
)
(main.aux)
\openout1 = `main.aux'.

LaTeX Font Info:    Checking defaults for OML/cmm/m/it on input line 33.
LaTeX Font Info:    ... okay on input line 33.
LaTeX Font Info:    Checking defaults for T1/cmr/m/n on input line 33.
LaTeX Font Info:    ... okay on input line 33.
LaTeX Font Info:    Checking defaults for OT1/cmr/m/n on input line 33.
LaTeX Font Info:    ... okay on input line 33.
LaTeX Font Info:    Checking defaults for OMS/cmsy/m/n on input line 33.
LaTeX Font Info:    ... okay on input line 33.
LaTeX Font Info:    Checking defaults for OMX/cmex/m/n on input line 33.
LaTeX Font Info:    ... okay on input line 33.
LaTeX Font Info:    Checking defaults for U/cmr/m/n on input line 33.
LaTeX Font Info:    ... okay on input line 33.
LaTeX Info: Redefining \degres on input line 33.
LaTeX Info: Redefining \dots on input line 33.
LaTeX Info: Redefining \up on input line 33.

*geometry* driver: auto-detecting
*geometry* detected driver: pdftex
*geometry* verbose mode - [ preamble ] result:
* driver: pdftex
* paper: <default>
* layout: <same size as paper>
* layoutoffset:(h,v)=(0.0pt,0.0pt)
* modes: 
* h-part:(L,W,R)=(71.13188pt, 472.03123pt, 71.13188pt)
* v-part:(T,H,B)=(71.13188pt, 652.70622pt, 71.13188pt)
* \paperwidth=614.295pt
* \paperheight=794.96999pt
* \textwidth=472.03123pt
* \textheight=652.70622pt
* \oddsidemargin=-1.1381pt
* \evensidemargin=-1.1381pt
* \topmargin=-38.1381pt
* \headheight=12.0pt
* \headsep=25.0pt
* \topskip=10.0pt
* \footskip=30.0pt
* \marginparwidth=65.0pt
* \marginparsep=11.0pt
* \columnsep=10.0pt
* \skip\footins=9.0pt plus 4.0pt minus 2.0pt
* \hoffset=0.0pt
* \voffset=0.0pt
* \mag=1000
* \@twocolumnfalse
* \@twosidefalse
* \@mparswitchfalse
* \@reversemarginfalse
* (1in=72.27pt=25.4mm, 1cm=28.453pt)


(C:\Users\USUARI\Desktop\Latex\installation\tex/context/base/mkii\supp-pdf.mkii
[Loading MPS to PDF converter (version 2006.09.02).]
\scratchcounter=\count104
\scratchdimen=\dimen129
\scratchbox=\box29
\nofMPsegments=\count105
\nofMParguments=\count106
\everyMPshowfont=\toks21
\MPscratchCnt=\count107
\MPscratchDim=\dimen130
\MPnumerator=\count108
\makeMPintoPDFobject=\count109
\everyMPtoPDFconversion=\toks22
)
(C:\Users\USUARI\Desktop\Latex\installation\tex/latex/epstopdf-pkg\epstopdf-bas
e.sty
Package: epstopdf-base 2019/11/24 v2.7 Base part for package epstopdf

(C:\Users\USUARI\Desktop\Latex\installation\tex/generic/oberdiek\infwarerr.sty
Package: infwarerr 2016/05/16 v1.4 Providing info/warning/error messages (HO)
) (C:\Users\USUARI\Desktop\Latex\installation\tex/latex/oberdiek\grfext.sty
Package: grfext 2016/05/16 v1.2 Manage graphics extensions (HO)

(C:\Users\USUARI\Desktop\Latex\installation\tex/generic/oberdiek\kvdefinekeys.s
ty
Package: kvdefinekeys 2016/05/16 v1.4 Define keys (HO)
 (C:\Users\USUARI\Desktop\Latex\installation\tex/generic/oberdiek\ltxcmds.sty
Package: ltxcmds 2016/05/16 v1.23 LaTeX kernel commands for general use (HO)
)))
(C:\Users\USUARI\Desktop\Latex\installation\tex/latex/oberdiek\kvoptions.sty
Package: kvoptions 2016/05/16 v3.12 Key value format for package options (HO)

(C:\Users\USUARI\Desktop\Latex\installation\tex/generic/oberdiek\kvsetkeys.sty
Package: kvsetkeys 2016/05/16 v1.17 Key value parser (HO)

(C:\Users\USUARI\Desktop\Latex\installation\tex/generic/oberdiek\etexcmds.sty
Package: etexcmds 2016/05/16 v1.6 Avoid name clashes with e-TeX commands (HO)

(C:\Users\USUARI\Desktop\Latex\installation\tex/generic/iftex\ifluatex.sty
Package: ifluatex 2019/10/25 v1.5 ifluatex legacy package. Use iftex instead.
))))
(C:\Users\USUARI\Desktop\Latex\installation\tex/latex/pdftexcmds\pdftexcmds.sty
Package: pdftexcmds 2019/11/24 v0.31 Utility functions of pdfTeX for LuaTeX (HO
)
Package pdftexcmds Info: \pdf@primitive is available.
Package pdftexcmds Info: \pdf@ifprimitive is available.
Package pdftexcmds Info: \pdfdraftmode found.
)
Package epstopdf-base Info: Redefining graphics rule for `.eps' on input line 4
42.
Package grfext Info: Graphics extension search list:
(grfext)             [.pdf,.png,.jpg,.mps,.jpeg,.jbig2,.jb2,.PDF,.PNG,.JPG,.JPE
G,.JBIG2,.JB2,.eps]
(grfext)             \AppendGraphicsExtensions on input line 460.
)
Package caption Info: Begin \AtBeginDocument code.
Package caption Info: End \AtBeginDocument code.
LaTeX Font Info:    Trying to load font information for T1+cmss on input line 4
7.
 (C:\Users\USUARI\Desktop\Latex\installation\tex/latex/base\t1cmss.fd
File: t1cmss.fd 2014/09/29 v2.5h Standard LaTeX font definitions
)
LaTeX Font Info:    External font `cmex10' loaded for size
(Font)              <17.28> on input line 47.
LaTeX Font Info:    External font `cmex10' loaded for size
(Font)              <12> on input line 47.
LaTeX Font Info:    External font `cmex10' loaded for size
(Font)              <8> on input line 47.
LaTeX Font Info:    External font `cmex10' loaded for size
(Font)              <6> on input line 47.


LaTeX Warning: No \author given.

<C:/workspace/giswater_docs/utils/img/0001.png, id=1, 1691.31876pt x 329.23pt>
File: C:/workspace/giswater_docs/utils/img/0001.png Graphic file (type png)
<use C:/workspace/giswater_docs/utils/img/0001.png>
Package pdftex.def Info: C:/workspace/giswater_docs/utils/img/0001.png  used on
 input line 52.
(pdftex.def)             Requested size: 338.25775pt x 65.84482pt.
! Missing number, treated as zero.
<to be read again> 
                   \hfil 
l.57 \newpage
             
A number should have been here; I inserted `0'.
(If you can't figure out why I needed to see a number,
look up `weird error' in the index to The TeXbook.)

[1

{C:/Users/USUARI/AppData/Local/MiKTeX/2.9/pdftex/config/pdftex.map} <C:/workspa
ce/giswater_docs/utils/img/0001.png>]

! Package inputenc Error: Keyboard character used is undefined
(inputenc)                in inputencoding `latin1'.

See the inputenc package documentation for explanation.
Type  H <return>  for immediate help.
 ...                                              
                                                  
l.60 Le manuel d’
                 utilisation de Giswater 3 a pour objectif de répondre aux q...

You need to provide a definition with \DeclareInputText 
or \DeclareInputMath before using this key.


! Package inputenc Error: Keyboard character used is undefined
(inputenc)                in inputencoding `latin1'.

See the inputenc package documentation for explanation.
Type  H <return>  for immediate help.
 ...                                              
                                                  
l.60 ...f de répondre aux questions relatives ŕ l’
                                                  installation et ŕ l’utilis...

You need to provide a definition with \DeclareInputText 
or \DeclareInputMath before using this key.


! Package inputenc Error: Keyboard character used is undefined
(inputenc)                in inputencoding `latin1'.

See the inputenc package documentation for explanation.
Type  H <return>  for immediate help.
 ...                                              
                                                  
l.60 ...estions relatives ŕ l’installation et ŕ l’
                                                  utilisation du programme G...

You need to provide a definition with \DeclareInputText 
or \DeclareInputMath before using this key.


! Package inputenc Error: Keyboard character used is undefined
(inputenc)                in inputencoding `latin1'.

See the inputenc package documentation for explanation.
Type  H <return>  for immediate help.
 ...                                              
                                                  
l.62 L’
       index donne des informations sur la liste des éléments disponibles et...

You need to provide a definition with \DeclareInputText 
or \DeclareInputMath before using this key.


! LaTeX Error: There's no line here to end.

See the LaTeX manual or LaTeX Companion for explanation.
Type  H <return>  for immediate help.
 ...                                              
                                                  
l.64 \newline
             
Your command was ignored.
Type  I <command> <return>  to replace it with another command,
or  <return>  to continue without it.


! Package inputenc Error: Keyboard character used is undefined
(inputenc)                in inputencoding `latin1'.

See the inputenc package documentation for explanation.
Type  H <return>  for immediate help.
 ...                                              
                                                  
l.67 ...ar différentes compagnies du domaine de l’
                                                  eau de Catalogne qui ont c...

You need to provide a definition with \DeclareInputText 
or \DeclareInputMath before using this key.


! Package inputenc Error: Keyboard character used is undefined
(inputenc)                in inputencoding `latin1'.

See the inputenc package documentation for explanation.
Type  H <return>  for immediate help.
 ...                                              
                                                  
l.67 ...ls et futurs dans le monde des systčmes d’
                                                  information géographique. ...

You need to provide a definition with \DeclareInputText 
or \DeclareInputMath before using this key.


! Package inputenc Error: Keyboard character used is undefined
(inputenc)                in inputencoding `latin1'.

See the inputenc package documentation for explanation.
Type  H <return>  for immediate help.
 ...                                              
                                                  
l.68 ...ličrement les entreprises du domaine de l’
                                                  eau qui ont rendu ce proje...

You need to provide a definition with \DeclareInputText 
or \DeclareInputMath before using this key.


! Package inputenc Error: Keyboard character used is undefined
(inputenc)                in inputencoding `latin1'.

See the inputenc package documentation for explanation.
Type  H <return>  for immediate help.
 ...                                              
                                                  
l.74 \item Consorci d’
                      Aigües de Tarragona
You need to provide a definition with \DeclareInputText 
or \DeclareInputMath before using this key.


! Package inputenc Error: Keyboard character used is undefined
(inputenc)                in inputencoding `latin1'.

See the inputenc package documentation for explanation.
Type  H <return>  for immediate help.
 ...                                              
                                                  
l.75 \item Proveďments d’
                         Aigua, SA
You need to provide a definition with \DeclareInputText 
or \DeclareInputMath before using this key.


Underfull \hbox (badness 10000) in paragraph at lines 82--83

 []

<C:/workspace/giswater_docs/utils/img/0002.png, id=11, 86.724pt x 35.53275pt>
File: C:/workspace/giswater_docs/utils/img/0002.png Graphic file (type png)
<use C:/workspace/giswater_docs/utils/img/0002.png>
Package pdftex.def Info: C:/workspace/giswater_docs/utils/img/0002.png  used on
 input line 87.
(pdftex.def)             Requested size: 86.72377pt x 35.53264pt.
! Missing number, treated as zero.
<to be read again> 
                   \protect 
l.91 \newpage
             
A number should have been here; I inserted `0'.
(If you can't figure out why I needed to see a number,
look up `weird error' in the index to The TeXbook.)

[2 <C:/workspace/giswater_docs/utils/img/0002.png>] (main.toc
LaTeX Font Info:    External font `cmex10' loaded for size
(Font)              <7> on input line 3.
LaTeX Font Info:    External font `cmex10' loaded for size
(Font)              <5> on input line 3.

! Missing number, treated as zero.
<to be read again> 
                   \protect 
l.25 ...\numberline {3.1}Les types de projets}{25}
                                                  %
A number should have been here; I inserted `0'.
(If you can't figure out why I needed to see a number,
look up `weird error' in the index to The TeXbook.)

[3])
\tf@toc=\write3
\openout3 = `main.toc'.


! Missing number, treated as zero.
<to be read again> 
                   \protect 
l.94 \newpage
             
A number should have been here; I inserted `0'.
(If you can't figure out why I needed to see a number,
look up `weird error' in the index to The TeXbook.)

[4] (chpt01.tex

! Package inputenc Error: Keyboard character used is undefined
(inputenc)                in inputencoding `latin1'.

See the inputenc package documentation for explanation.
Type  H <return>  for immediate help.
 ...                                              
                                                  
l.3 ...éaliser une gestion complčte du cycle de l’
                                                  eau (approvisionnement et ...

You need to provide a definition with \DeclareInputText 
or \DeclareInputMath before using this key.


! Package inputenc Error: Keyboard character used is undefined
(inputenc)                in inputencoding `latin1'.

See the inputenc package documentation for explanation.
Type  H <return>  for immediate help.
 ...                                              
                                                  
l.3 ...nt). Ce manuel aidera les utilisateurs ŕ s’
                                                  initier ŕ l’utilisation de...

You need to provide a definition with \DeclareInputText 
or \DeclareInputMath before using this key.


! Package inputenc Error: Keyboard character used is undefined
(inputenc)                in inputencoding `latin1'.

See the inputenc package documentation for explanation.
Type  H <return>  for immediate help.
 ...                                              
                                                  
l.3 ...el aidera les utilisateurs ŕ s’initier ŕ l’
                                                  utilisation de Giswater.
You need to provide a definition with \DeclareInputText 
or \DeclareInputMath before using this key.


! Package inputenc Error: Keyboard character used is undefined
(inputenc)                in inputencoding `latin1'.

See the inputenc package documentation for explanation.
Type  H <return>  for immediate help.
 ...                                              
                                                  
l.6 ...lication libre pensée pour la gestion et l’
                                                  exploitation des éléments ...

You need to provide a definition with \DeclareInputText 
or \DeclareInputMath before using this key.


! Package inputenc Error: Keyboard character used is undefined
(inputenc)                in inputencoding `latin1'.

See the inputenc package documentation for explanation.
Type  H <return>  for immediate help.
 ...                                              
                                                  
l.8 ...a base de données spéciale et les outils d’
                                                  analyse hydraulique.
You need to provide a definition with \DeclareInputText 
or \DeclareInputMath before using this key.


! Package inputenc Error: Keyboard character used is undefined
(inputenc)                in inputencoding `latin1'.

See the inputenc package documentation for explanation.
Type  H <return>  for immediate help.
 ...                                              
                                                  
l.10 A l’
         heure actuelle, Giswater est disponible dans sa version 3 du softwa...

You need to provide a definition with \DeclareInputText 
or \DeclareInputMath before using this key.


! Package inputenc Error: Keyboard character used is undefined
(inputenc)                in inputencoding `latin1'.

See the inputenc package documentation for explanation.
Type  H <return>  for immediate help.
 ...                                              
                                                  
l.12 Comme représenté sur l’
                            image suivante , Giswater fait partie d’un group...

You need to provide a definition with \DeclareInputText 
or \DeclareInputMath before using this key.


! Package inputenc Error: Keyboard character used is undefined
(inputenc)                in inputencoding `latin1'.

See the inputenc package documentation for explanation.
Type  H <return>  for immediate help.
 ...                                              
                                                  
l.12 ...l’image suivante , Giswater fait partie d’
                                                  un groupe d’applications q...

You need to provide a definition with \DeclareInputText 
or \DeclareInputMath before using this key.


! Package inputenc Error: Keyboard character used is undefined
(inputenc)                in inputencoding `latin1'.

See the inputenc package documentation for explanation.
Type  H <return>  for immediate help.
 ...                                              
                                                  
l.12 ...ante , Giswater fait partie d’un groupe d’
                                                  applications qui, utilisée...

You need to provide a definition with \DeclareInputText 
or \DeclareInputMath before using this key.


! Package inputenc Error: Keyboard character used is undefined
(inputenc)                in inputencoding `latin1'.

See the inputenc package documentation for explanation.
Type  H <return>  for immediate help.
 ...                                              
                                                  
l.12 ... et solide en relation avec les modčles d’
                                                  approvisionnement d’eau et...

You need to provide a definition with \DeclareInputText 
or \DeclareInputMath before using this key.


! Package inputenc Error: Keyboard character used is undefined
(inputenc)                in inputencoding `latin1'.

See the inputenc package documentation for explanation.
Type  H <return>  for immediate help.
 ...                                              
                                                  
l.12 ...on avec les modčles d’approvisionnement d’
                                                  eau et de drainage urbain.
You need to provide a definition with \DeclareInputText 
or \DeclareInputMath before using this key.


! Package inputenc Error: Keyboard character used is undefined
(inputenc)                in inputencoding `latin1'.

See the inputenc package documentation for explanation.
Type  H <return>  for immediate help.
 ...                                              
                                                  
l.14 L’
       élément central est la base de données oů se trouve toutes les inform...

You need to provide a definition with \DeclareInputText 
or \DeclareInputMath before using this key.


! Package inputenc Error: Keyboard character used is undefined
(inputenc)                in inputencoding `latin1'.

See the inputenc package documentation for explanation.
Type  H <return>  for immediate help.
 ...                                              
                                                  
l.14 ...ion PostGIS, permet un lien facile avec l’
                                                  application QGIS.
You need to provide a definition with \DeclareInputText 
or \DeclareInputMath before using this key.

<C:/workspace/giswater_docs/utils/img/0101.jpg, id=24, 511.15968pt x 392.21532p
t>
File: C:/workspace/giswater_docs/utils/img/0101.jpg Graphic file (type jpg)
<use C:/workspace/giswater_docs/utils/img/0101.jpg>
Package pdftex.def Info: C:/workspace/giswater_docs/utils/img/0101.jpg  used on
 input line 18.
(pdftex.def)             Requested size: 357.80933pt x 274.54884pt.
[1]

! Package inputenc Error: Keyboard character used is undefined
(inputenc)                in inputencoding `latin1'.

See the inputenc package documentation for explanation.
Type  H <return>  for immediate help.
 ...                                              
                                                  
l.23 Ce software de systčme d’
                              information géographique est celui sur lequel ...

You need to provide a definition with \DeclareInputText 
or \DeclareInputMath before using this key.


! Package inputenc Error: Keyboard character used is undefined
(inputenc)                in inputencoding `latin1'.

See the inputenc package documentation for explanation.
Type  H <return>  for immediate help.
 ...                                              
                                                  
l.23 ...ation géographique est celui sur lequel s’
                                                  est basé le développement ...

You need to provide a definition with \DeclareInputText 
or \DeclareInputMath before using this key.


! Package inputenc Error: Keyboard character used is undefined
(inputenc)                in inputencoding `latin1'.

See the inputenc package documentation for explanation.
Type  H <return>  for immediate help.
 ...                                              
                                                  
l.23 ... aisée et pour une plus grande facilité d’
                                                  utilisation. QGIS est lié ...

You need to provide a definition with \DeclareInputText 
or \DeclareInputMath before using this key.


! Package inputenc Error: Keyboard character used is undefined
(inputenc)                in inputencoding `latin1'.

See the inputenc package documentation for explanation.
Type  H <return>  for immediate help.
 ...                                              
                                                  
l.23 ...onnées grâce ŕ PostGIS pour enregistrer l’
                                                  organisation spéciale des ...

You need to provide a definition with \DeclareInputText 
or \DeclareInputMath before using this key.


! Package inputenc Error: Keyboard character used is undefined
(inputenc)                in inputencoding `latin1'.

See the inputenc package documentation for explanation.
Type  H <return>  for immediate help.
 ...                                              
                                                  
l.25 ...et aussi une connexion avec SCADA, afin d’
                                                  utiliser en temps réel l’i...

You need to provide a definition with \DeclareInputText 
or \DeclareInputMath before using this key.


! Package inputenc Error: Keyboard character used is undefined
(inputenc)                in inputencoding `latin1'.

See the inputenc package documentation for explanation.
Type  H <return>  for immediate help.
 ...                                              
                                                  
l.25 ...ec SCADA, afin d’utiliser en temps réel l’
                                                  information qui provient d...

You need to provide a definition with \DeclareInputText 
or \DeclareInputMath before using this key.


! Package inputenc Error: Keyboard character used is undefined
(inputenc)                in inputencoding `latin1'.

See the inputenc package documentation for explanation.
Type  H <return>  for immediate help.
 ...                                              
                                                  
l.27 ...appareil mobile. Ŕ cette fonctionnalité s’
                                                  ajoute l’utilisation habit...

You need to provide a definition with \DeclareInputText 
or \DeclareInputMath before using this key.


! Package inputenc Error: Keyboard character used is undefined
(inputenc)                in inputencoding `latin1'.

See the inputenc package documentation for explanation.
Type  H <return>  for immediate help.
 ...                                              
                                                  
l.27 ...mobile. Ŕ cette fonctionnalité s’ajoute l’
                                                  utilisation habituelle sur...

You need to provide a definition with \DeclareInputText 
or \DeclareInputMath before using this key.

[2 <C:/workspace/giswater_docs/utils/img/0101.jpg>]
<C:/workspace/giswater_docs/utils/img/0102_ES.png, id=33, 780.516pt x 528.7755p
t>
File: C:/workspace/giswater_docs/utils/img/0102_ES.png Graphic file (type png)
<use C:/workspace/giswater_docs/utils/img/0102_ES.png>
Package pdftex.def Info: C:/workspace/giswater_docs/utils/img/0102_ES.png  used
 on input line 41.
(pdftex.def)             Requested size: 390.25705pt x 264.3871pt.

! Undefined control sequence.
l.47 ...s ce cas-ci il s'agit de PostgreSQL (\href
                                                  {https://www.postgres.org}...
The control sequence at the end of the top line
of your error message was never \def'ed. If you have
misspelled it (e.g., `\hobx'), type `I' and the correct
spelling (e.g., `I\hbox'). Otherwise just continue,
and I'll forget about whatever was undefined.

! Undefined control sequence.
l.47 ...et de l'extension spéciale, PostGIS (\href
                                                  {https://www.postgis.net}).
The control sequence at the end of the top line
of your error message was never \def'ed. If you have
misspelled it (e.g., `\hobx'), type `I' and the correct
spelling (e.g., `I\hbox'). Otherwise just continue,
and I'll forget about whatever was undefined.

[3 <C:/workspace/giswater_docs/utils/img/0102_ES.png>]

! Package inputenc Error: Keyboard character used is undefined
(inputenc)                in inputencoding `latin1'.

See the inputenc package documentation for explanation.
Type  H <return>  for immediate help.
 ...                                              
                                                  
l.51 Ce que vous devez garder ŕ l’
                                  esprit, c’est que, selon le nombre d’utili...

You need to provide a definition with \DeclareInputText 
or \DeclareInputMath before using this key.


! Package inputenc Error: Keyboard character used is undefined
(inputenc)                in inputencoding `latin1'.

See the inputenc package documentation for explanation.
Type  H <return>  for immediate help.
 ...                                              
                                                  
l.51 Ce que vous devez garder ŕ l’esprit, c’
                                            est que, selon le nombre d’utili...

You need to provide a definition with \DeclareInputText 
or \DeclareInputMath before using this key.


! Package inputenc Error: Keyboard character used is undefined
(inputenc)                in inputencoding `latin1'.

See the inputenc package documentation for explanation.
Type  H <return>  for immediate help.
 ...                                              
                                                  
l.51 ... ŕ l’esprit, c’est que, selon le nombre d’
                                                  utilisateurs et les enregi...

You need to provide a definition with \DeclareInputText 
or \DeclareInputMath before using this key.


! Package inputenc Error: Keyboard character used is undefined
(inputenc)                in inputencoding `latin1'.

See the inputenc package documentation for explanation.
Type  H <return>  for immediate help.
 ...                                              
                                                  
l.58 Pour se  faire, il est nécessaire d’
                                         installer toutes les technologies n...

You need to provide a definition with \DeclareInputText 
or \DeclareInputMath before using this key.

<C:/workspace/giswater_docs/utils/img/0103_EN.png, id=38, 907.13907pt x 682.048
13pt>
File: C:/workspace/giswater_docs/utils/img/0103_EN.png Graphic file (type png)
<use C:/workspace/giswater_docs/utils/img/0103_EN.png>
Package pdftex.def Info: C:/workspace/giswater_docs/utils/img/0103_EN.png  used
 on input line 62.
(pdftex.def)             Requested size: 453.56842pt x 341.02322pt.
[4]

! Package inputenc Error: Keyboard character used is undefined
(inputenc)                in inputencoding `latin1'.

See the inputenc package documentation for explanation.
Type  H <return>  for immediate help.
 ...                                              
                                                  
l.70 ...ns, documentation administrative, etc.) L’
                                                  architecture et la technol...

You need to provide a definition with \DeclareInputText 
or \DeclareInputMath before using this key.


! Package inputenc Error: Keyboard character used is undefined
(inputenc)                in inputencoding `latin1'.

See the inputenc package documentation for explanation.
Type  H <return>  for immediate help.
 ...                                              
                                                  
l.72 ...eront des décisions qui conditionneront l’
                                                  architecture finale du sys...

You need to provide a definition with \DeclareInputText 
or \DeclareInputMath before using this key.

[5 <C:/workspace/giswater_docs/utils/img/0103_EN.png>]

! Package inputenc Error: Keyboard character used is undefined
(inputenc)                in inputencoding `latin1'.

See the inputenc package documentation for explanation.
Type  H <return>  for immediate help.
 ...                                              
                                                  
l.85 \item QGIS (https://www.qgis.org) –
                                         derničre version avec un LTR stable
You need to provide a definition with \DeclareInputText 
or \DeclareInputMath before using this key.


! Package inputenc Error: Keyboard character used is undefined
(inputenc)                in inputencoding `latin1'.

See the inputenc package documentation for explanation.
Type  H <return>  for immediate help.
 ...                                              
                                                  
l.89 Si l’
          un des modčles hydrauliques compatibles avec Giswater est nécessai...

You need to provide a definition with \DeclareInputText 
or \DeclareInputMath before using this key.


! Package inputenc Error: Keyboard character used is undefined
(inputenc)                in inputencoding `latin1'.

See the inputenc package documentation for explanation.
Type  H <return>  for immediate help.
 ...                                              
                                                  
l.94 ...avec le logiciel SIG, il est recommandé d’
                                                  avoir installé
You need to provide a definition with \DeclareInputText 
or \DeclareInputMath before using this key.


! Package inputenc Error: Keyboard character used is undefined
(inputenc)                in inputencoding `latin1'.

See the inputenc package documentation for explanation.
Type  H <return>  for immediate help.
 ...                                              
                                                  
l.95 une suite bureautique, ainsi qu’
                                     un lecteur PDF.
You need to provide a definition with \DeclareInputText 
or \DeclareInputMath before using this key.


! Package inputenc Error: Keyboard character used is undefined
(inputenc)                in inputencoding `latin1'.

See the inputenc package documentation for explanation.
Type  H <return>  for immediate help.
 ...                                              
                                                  
l.100 Il est ŕ noter que le développement n’
                                            est certifié et validé que par l...

You need to provide a definition with \DeclareInputText 
or \DeclareInputMath before using this key.


! Package inputenc Error: Keyboard character used is undefined
(inputenc)                in inputencoding `latin1'.

See the inputenc package documentation for explanation.
Type  H <return>  for immediate help.
 ...                                              
                                                  
l.100 ...ement n’est certifié et validé que par l’
                                                  utilisation du navigateur ...

You need to provide a definition with \DeclareInputText 
or \DeclareInputMath before using this key.


! Package inputenc Error: Keyboard character used is undefined
(inputenc)                in inputencoding `latin1'.

See the inputenc package documentation for explanation.
Type  H <return>  for immediate help.
 ...                                              
                                                  
l.100 ...dysfonctionnements et leur utilisation n’
                                                  est donc pas recommandée.
You need to provide a definition with \DeclareInputText 
or \DeclareInputMath before using this key.

) [6] (chpt02.tex [7] [8]
Overfull \hbox (5.29665pt too wide) in paragraph at lines 41--42
[]\T1/cmr/m/n/10 Le té-lé-char-ge-ment et l'ins-tal-la-tion est trčs simple et 
peut se faire de-puis https ://www.postgresql.org/download.
 []

<C:/workspace/giswater_docs/utils/img/0201_EN.png, id=56, 422.32782pt x 63.9890
6pt>
File: C:/workspace/giswater_docs/utils/img/0201_EN.png Graphic file (type png)
<use C:/workspace/giswater_docs/utils/img/0201_EN.png>
Package pdftex.def Info: C:/workspace/giswater_docs/utils/img/0201_EN.png  used
 on input line 47.
(pdftex.def)             Requested size: 422.32678pt x 63.98889pt.
<C:/workspace/giswater_docs/utils/img/0202_EN.png, id=57, 338.01282pt x 374.147
81pt>
File: C:/workspace/giswater_docs/utils/img/0202_EN.png Graphic file (type png)
<use C:/workspace/giswater_docs/utils/img/0202_EN.png>
Package pdftex.def Info: C:/workspace/giswater_docs/utils/img/0202_EN.png  used
 on input line 63.
(pdftex.def)             Requested size: 338.01198pt x 374.14688pt.
[9 <C:/workspace/giswater_docs/utils/img/0201_EN.png>]
<C:/workspace/giswater_docs/utils/img/0203.png, id=62, 33.12375pt x 27.85406pt>

File: C:/workspace/giswater_docs/utils/img/0203.png Graphic file (type png)
<use C:/workspace/giswater_docs/utils/img/0203.png>
Package pdftex.def Info: C:/workspace/giswater_docs/utils/img/0203.png  used on
 input line 74.
(pdftex.def)             Requested size: 33.12366pt x 27.85397pt.
<C:/workspace/giswater_docs/utils/img/0204_EN.png, id=63, 161.85469pt x 33.8765
6pt>
File: C:/workspace/giswater_docs/utils/img/0204_EN.png Graphic file (type png)
<use C:/workspace/giswater_docs/utils/img/0204_EN.png>
Package pdftex.def Info: C:/workspace/giswater_docs/utils/img/0204_EN.png  used
 on input line 80.
(pdftex.def)             Requested size: 161.85428pt x 33.87646pt.
 [10 <C:/workspace/giswater_docs/utils/img/0202_EN.png> <C:/workspace/giswater_
docs/utils/img/0203.png> <C:/workspace/giswater_docs/utils/img/0204_EN.png>]
<C:/workspace/giswater_docs/utils/img/0205.png, id=67, 27.10126pt x 23.33719pt>

File: C:/workspace/giswater_docs/utils/img/0205.png Graphic file (type png)
<use C:/workspace/giswater_docs/utils/img/0205.png>
Package pdftex.def Info: C:/workspace/giswater_docs/utils/img/0205.png  used on
 input line 91.
(pdftex.def)             Requested size: 27.10118pt x 23.33711pt.

! Missing $ inserted.
<inserted text> 
                $
l.95         \item project\_type \Rightarrow
                                            $ ud/ws (dépend du projet).
I've inserted a begin-math/end-math symbol since I think
you left one out. Proceed, with fingers crossed.

! Missing $ inserted.
<inserted text> 
                $
l.96         \item expl\_id \Rightarrow
                                       $ valeur d'exploitation par défaut qu...
I've inserted a begin-math/end-math symbol since I think
you left one out. Proceed, with fingers crossed.

<C:/workspace/giswater_docs/utils/img/0206.png, id=68, 30.1125pt x 26.34843pt>
File: C:/workspace/giswater_docs/utils/img/0206.png Graphic file (type png)
<use C:/workspace/giswater_docs/utils/img/0206.png>
Package pdftex.def Info: C:/workspace/giswater_docs/utils/img/0206.png  used on
 input line 104.
(pdftex.def)             Requested size: 30.11241pt x 26.34836pt.

Underfull \hbox (badness 10000) in paragraph at lines 109--110

 []


Underfull \hbox (badness 10000) in paragraph at lines 111--112

 []


Underfull \hbox (badness 10000) in paragraph at lines 113--114

 []


Underfull \hbox (badness 10000) in paragraph at lines 115--116

 []


Underfull \hbox (badness 10000) in paragraph at lines 117--118

 []


Underfull \hbox (badness 10000) in paragraph at lines 119--120

 []

<C:/workspace/giswater_docs/utils/img/0207_EN.jpg, id=69, 451.6875pt x 643.4037
5pt>
File: C:/workspace/giswater_docs/utils/img/0207_EN.jpg Graphic file (type jpg)
<use C:/workspace/giswater_docs/utils/img/0207_EN.jpg>
Package pdftex.def Info: C:/workspace/giswater_docs/utils/img/0207_EN.jpg  used
 on input line 122.
(pdftex.def)             Requested size: 225.84319pt x 321.70108pt.

Overfull \hbox (4.82452pt too wide) in paragraph at lines 122--123
[][] 
 []

[11 <C:/workspace/giswater_docs/utils/img/0205.png> <C:/workspace/giswater_docs
/utils/img/0206.png>]
<C:/workspace/giswater_docs/utils/img/0208_EN.png, id=76, 251.43938pt x 107.652
19pt>
File: C:/workspace/giswater_docs/utils/img/0208_EN.png Graphic file (type png)
<use C:/workspace/giswater_docs/utils/img/0208_EN.png>
Package pdftex.def Info: C:/workspace/giswater_docs/utils/img/0208_EN.png  used
 on input line 129.
(pdftex.def)             Requested size: 251.43875pt x 107.65192pt.
 [12 <C:/workspace/giswater_docs/utils/img/0207_EN.jpg> <C:/workspace/giswater_
docs/utils/img/0208_EN.png>]
<C:/workspace/giswater_docs/utils/img/0209_EN.jpg, id=81, 944.52875pt x 740.767
5pt>
File: C:/workspace/giswater_docs/utils/img/0209_EN.jpg Graphic file (type jpg)
<use C:/workspace/giswater_docs/utils/img/0209_EN.jpg>
Package pdftex.def Info: C:/workspace/giswater_docs/utils/img/0209_EN.jpg  used
 on input line 152.
(pdftex.def)             Requested size: 377.80481pt x 296.30174pt.
 [13 <C:/workspace/giswater_docs/utils/img/0209_EN.jpg>]
<C:/workspace/giswater_docs/utils/img/0210.jpg, id=85, 284.56313pt x 186.6975pt
>
File: C:/workspace/giswater_docs/utils/img/0210.jpg Graphic file (type jpg)
<use C:/workspace/giswater_docs/utils/img/0210.jpg>
Package pdftex.def Info: C:/workspace/giswater_docs/utils/img/0210.jpg  used on
 input line 159.
(pdftex.def)             Requested size: 142.2812pt x 93.34851pt.
LaTeX Font Info:    Trying to load font information for OMS+cmr on input line 1
62.

(C:\Users\USUARI\Desktop\Latex\installation\tex/latex/base\omscmr.fd
File: omscmr.fd 2014/09/29 v2.5h Standard LaTeX font definitions
)
LaTeX Font Info:    Font shape `OMS/cmr/m/n' in size <10> not available
(Font)              Font shape `OMS/cmsy/m/n' tried instead on input line 162.
<C:/workspace/giswater_docs/utils/img/0211.jpg, id=86, 432.11438pt x 234.1247pt
>
File: C:/workspace/giswater_docs/utils/img/0211.jpg Graphic file (type jpg)
<use C:/workspace/giswater_docs/utils/img/0211.jpg>
Package pdftex.def Info: C:/workspace/giswater_docs/utils/img/0211.jpg  used on
 input line 165.
(pdftex.def)             Requested size: 129.6353pt x 70.23795pt.
<C:/workspace/giswater_docs/utils/img/0212_EN.jpg, id=87, 637.63219pt x 81.3037
6pt>
File: C:/workspace/giswater_docs/utils/img/0212_EN.jpg Graphic file (type jpg)
<use C:/workspace/giswater_docs/utils/img/0212_EN.jpg>
Package pdftex.def Info: C:/workspace/giswater_docs/utils/img/0212_EN.jpg  used
 on input line 183.
(pdftex.def)             Requested size: 446.3395pt x 56.91223pt.
 [14 <C:/workspace/giswater_docs/utils/img/0210.jpg> <C:/workspace/giswater_doc
s/utils/img/0211.jpg>]
<C:/workspace/giswater_docs/utils/img/0213_EN.jpg, id=91, 749.80125pt x 539.013
75pt>
File: C:/workspace/giswater_docs/utils/img/0213_EN.jpg Graphic file (type jpg)
<use C:/workspace/giswater_docs/utils/img/0213_EN.jpg>
Package pdftex.def Info: C:/workspace/giswater_docs/utils/img/0213_EN.jpg  used
 on input line 193.
(pdftex.def)             Requested size: 299.91519pt x 215.60167pt.
 [15 <C:/workspace/giswater_docs/utils/img/0212_EN.jpg> <C:/workspace/giswater_
docs/utils/img/0213_EN.jpg>]
<C:/workspace/giswater_docs/utils/img/0214_EN.jpg, id=96, 755.82375pt x 497.609
07pt>
File: C:/workspace/giswater_docs/utils/img/0214_EN.jpg Graphic file (type jpg)
<use C:/workspace/giswater_docs/utils/img/0214_EN.jpg>
Package pdftex.def Info: C:/workspace/giswater_docs/utils/img/0214_EN.jpg  used
 on input line 206.
(pdftex.def)             Requested size: 377.91095pt x 248.80392pt.
<C:/workspace/giswater_docs/utils/img/0215_EN.jpg, id=97, 264.99pt x 128.48pt>
File: C:/workspace/giswater_docs/utils/img/0215_EN.jpg Graphic file (type jpg)
<use C:/workspace/giswater_docs/utils/img/0215_EN.jpg>
Package pdftex.def Info: C:/workspace/giswater_docs/utils/img/0215_EN.jpg  used
 on input line 212.
(pdftex.def)             Requested size: 185.49173pt x 89.93538pt.
<C:/workspace/giswater_docs/utils/img/0216_EN.jpg, id=98, 262.9825pt x 143.5362
5pt>
File: C:/workspace/giswater_docs/utils/img/0216_EN.jpg Graphic file (type jpg)
<use C:/workspace/giswater_docs/utils/img/0216_EN.jpg>
Package pdftex.def Info: C:/workspace/giswater_docs/utils/img/0216_EN.jpg  used
 on input line 217.
(pdftex.def)             Requested size: 184.08649pt x 100.47467pt.
 [16 <C:/workspace/giswater_docs/utils/img/0214_EN.jpg> <C:/workspace/giswater_
docs/utils/img/0215_EN.jpg>]
Underfull \hbox (badness 10000) in paragraph at lines 242--243

 []


! Package inputenc Error: Keyboard character used is undefined
(inputenc)                in inputencoding `latin1'.

See the inputenc package documentation for explanation.
Type  H <return>  for immediate help.
 ...                                              
                                                  
l.245 ...élément (feature\_type), qui peut ętre nś
                                                  ud, arc, connec ou gully, ...

You need to provide a definition with \DeclareInputText 
or \DeclareInputMath before using this key.

[17 <C:/workspace/giswater_docs/utils/img/0216_EN.jpg>]
Underfull \hbox (badness 10000) in paragraph at lines 252--253

 []


! Package inputenc Error: Keyboard character used is undefined
(inputenc)                in inputencoding `latin1'.

See the inputenc package documentation for explanation.
Type  H <return>  for immediate help.
 ...                                              
                                                  
l.260 ... d'éléments de base (arc, connexion de nś
                                                  ud, gully) sont définis. C...

You need to provide a definition with \DeclareInputText 
or \DeclareInputMath before using this key.

<C:/workspace/giswater_docs/utils/img/0217_EN.jpg, id=105, 447.92343pt x 104.64
093pt>
File: C:/workspace/giswater_docs/utils/img/0217_EN.jpg Graphic file (type jpg)
<use C:/workspace/giswater_docs/utils/img/0217_EN.jpg>
Package pdftex.def Info: C:/workspace/giswater_docs/utils/img/0217_EN.jpg  used
 on input line 262.
(pdftex.def)             Requested size: 447.92233pt x 104.64066pt.

Overfull \hbox (5.885pt too wide) in paragraph at lines 262--263
 [] 
 []


! Package inputenc Error: Keyboard character used is undefined
(inputenc)                in inputencoding `latin1'.

See the inputenc package documentation for explanation.
Type  H <return>  for immediate help.
 ...                                              
                                                  
l.265 ... plus de ce qui lui correspondrait par nś
                                                  ud.
You need to provide a definition with \DeclareInputText 
or \DeclareInputMath before using this key.


! Package inputenc Error: Keyboard character used is undefined
(inputenc)                in inputencoding `latin1'.

See the inputenc package documentation for explanation.
Type  H <return>  for immediate help.
 ...                                              
                                                  
l.266 ...ur donner un exemple pour la table des nś
                                                  uds, et en ce qui concerne...

You need to provide a definition with \DeclareInputText 
or \DeclareInputMath before using this key.


Underfull \hbox (badness 10000) in paragraph at lines 265--269

 []

[18 <C:/workspace/giswater_docs/utils/img/0217_EN.jpg>]
Underfull \hbox (badness 10000) in paragraph at lines 271--275

 []

<C:/workspace/giswater_docs/utils/img/0218_EN.jpg, id=109, 388.45125pt x 438.13
687pt>
File: C:/workspace/giswater_docs/utils/img/0218_EN.jpg Graphic file (type jpg)
<use C:/workspace/giswater_docs/utils/img/0218_EN.jpg>
Package pdftex.def Info: C:/workspace/giswater_docs/utils/img/0218_EN.jpg  used
 on input line 281.
(pdftex.def)             Requested size: 388.45029pt x 438.13579pt.
[19]
Underfull \hbox (badness 10000) in paragraph at lines 283--290

 []

[20 <C:/workspace/giswater_docs/utils/img/0218_EN.jpg>]
Underfull \hbox (badness 10000) in paragraph at lines 299--301

 []

<C:/workspace/giswater_docs/utils/img/0219_EN.jpg, id=116, 234.1247pt x 269.506
88pt>
File: C:/workspace/giswater_docs/utils/img/0219_EN.jpg Graphic file (type jpg)
<use C:/workspace/giswater_docs/utils/img/0219_EN.jpg>
Package pdftex.def Info: C:/workspace/giswater_docs/utils/img/0219_EN.jpg  used
 on input line 319.
(pdftex.def)             Requested size: 234.12411pt x 269.50621pt.
[21]
<C:/workspace/giswater_docs/utils/img/0220_EN.jpg, id=121, 488.57532pt x 309.40
594pt>
File: C:/workspace/giswater_docs/utils/img/0220_EN.jpg Graphic file (type jpg)
<use C:/workspace/giswater_docs/utils/img/0220_EN.jpg>
Package pdftex.def Info: C:/workspace/giswater_docs/utils/img/0220_EN.jpg  used
 on input line 327.
(pdftex.def)             Requested size: 488.57413pt x 309.40518pt.

Overfull \hbox (16.5429pt too wide) in paragraph at lines 327--328
 [] 
 []

[22 <C:/workspace/giswater_docs/utils/img/0219_EN.jpg>] [23 <C:/workspace/giswa
ter_docs/utils/img/0220_EN.jpg>]) [24] (chpt03.tex [25]
<C:/workspace/giswater_docs/utils/img/0301_EN.jpg, id=134, 393.72093pt x 459.21
562pt>
File: C:/workspace/giswater_docs/utils/img/0301_EN.jpg Graphic file (type jpg)
<use C:/workspace/giswater_docs/utils/img/0301_EN.jpg>
Package pdftex.def Info: C:/workspace/giswater_docs/utils/img/0301_EN.jpg  used
 on input line 30.
(pdftex.def)             Requested size: 393.71997pt x 459.2145pt.
 [26 <C:/workspace/giswater_docs/utils/img/0301_EN.jpg>]
<C:/workspace/giswater_docs/utils/img/0302_EN.jpg, id=138, 368.87813pt x 238.64
156pt>
File: C:/workspace/giswater_docs/utils/img/0302_EN.jpg Graphic file (type jpg)
<use C:/workspace/giswater_docs/utils/img/0302_EN.jpg>
Package pdftex.def Info: C:/workspace/giswater_docs/utils/img/0302_EN.jpg  used
 on input line 39.
(pdftex.def)             Requested size: 368.87721pt x 238.64096pt.
 [27 <C:/workspace/giswater_docs/utils/img/0302_EN.jpg>] [28]
<C:/workspace/giswater_docs/utils/img/0303_EN.jpg, id=146, 249.93375pt x 100.12
407pt>
File: C:/workspace/giswater_docs/utils/img/0303_EN.jpg Graphic file (type jpg)
<use C:/workspace/giswater_docs/utils/img/0303_EN.jpg>
Package pdftex.def Info: C:/workspace/giswater_docs/utils/img/0303_EN.jpg  used
 on input line 99.
(pdftex.def)             Requested size: 249.93314pt x 100.12381pt.
 [29 <C:/workspace/giswater_docs/utils/img/0303_EN.jpg>]

! Package inputenc Error: Keyboard character used is undefined
(inputenc)                in inputencoding `latin1'.

See the inputenc package documentation for explanation.
Type  H <return>  for immediate help.
 ...                                              
                                                  
l.113 Pour savoir jusqu’
                        oů va les réseaux d'approvisionnement en eau et de d...

You need to provide a definition with \DeclareInputText 
or \DeclareInputMath before using this key.


! Package inputenc Error: Keyboard character used is undefined
(inputenc)                in inputencoding `latin1'.

See the inputenc package documentation for explanation.
Type  H <return>  for immediate help.
 ...                                              
                                                  
l.115 L’
        image suivante nous permet de comprendre quel est le rôle de chaque ...

You need to provide a definition with \DeclareInputText 
or \DeclareInputMath before using this key.

<C:/workspace/giswater_docs/utils/img/0304_EN.jpg, id=150, 386.94562pt x 253.69
781pt>
File: C:/workspace/giswater_docs/utils/img/0304_EN.jpg Graphic file (type jpg)
<use C:/workspace/giswater_docs/utils/img/0304_EN.jpg>
Package pdftex.def Info: C:/workspace/giswater_docs/utils/img/0304_EN.jpg  used
 on input line 119.
(pdftex.def)             Requested size: 386.94467pt x 253.69719pt.

! Package inputenc Error: Keyboard character used is undefined
(inputenc)                in inputencoding `latin1'.

See the inputenc package documentation for explanation.
Type  H <return>  for immediate help.
 ...                                              
                                                  
l.123 ...reste des zones de la carte, chacune ŕ l’
                                                  intérieur de leur activité...

You need to provide a definition with \DeclareInputText 
or \DeclareInputMath before using this key.


! Package inputenc Error: Keyboard character used is undefined
(inputenc)                in inputencoding `latin1'.

See the inputenc package documentation for explanation.
Type  H <return>  for immediate help.
 ...                                              
                                                  
l.123 ...ire. Le seul élément indispensable est d’
                                                  avoir un ou plus d'entrées...

You need to provide a definition with \DeclareInputText 
or \DeclareInputMath before using this key.


! Package inputenc Error: Keyboard character used is undefined
(inputenc)                in inputencoding `latin1'.

See the inputenc package documentation for explanation.
Type  H <return>  for immediate help.
 ...                                              
                                                  
l.125 ...tion. Comme il est représenté dans sur l’
                                                  image, certains éléments s...

You need to provide a definition with \DeclareInputText 
or \DeclareInputMath before using this key.


! Package inputenc Error: Keyboard character used is undefined
(inputenc)                in inputencoding `latin1'.

See the inputenc package documentation for explanation.
Type  H <return>  for immediate help.
 ...                                              
                                                  
l.125 ...rtains éléments sont liés uniquement ŕ l’
                                                  exploitation et seul le so...

You need to provide a definition with \DeclareInputText 
or \DeclareInputMath before using this key.

[30 <C:/workspace/giswater_docs/utils/img/0304_EN.jpg>]

! Package inputenc Error: Keyboard character used is undefined
(inputenc)                in inputencoding `latin1'.

See the inputenc package documentation for explanation.
Type  H <return>  for immediate help.
 ...                                              
                                                  
l.128 ...s rôles professionnels, pour faciliter l’
                                                  utilisation des outils dan...

You need to provide a definition with \DeclareInputText 
or \DeclareInputMath before using this key.

<C:/workspace/giswater_docs/utils/img/0305_EN.jpg, id=154, 409.53pt x 217.5628p
t>
File: C:/workspace/giswater_docs/utils/img/0305_EN.jpg Graphic file (type jpg)
<use C:/workspace/giswater_docs/utils/img/0305_EN.jpg>
Package pdftex.def Info: C:/workspace/giswater_docs/utils/img/0305_EN.jpg  used
 on input line 135.
(pdftex.def)             Requested size: 409.52899pt x 217.56227pt.

! Package inputenc Error: Keyboard character used is undefined
(inputenc)                in inputencoding `latin1'.

See the inputenc package documentation for explanation.
Type  H <return>  for immediate help.
 ...                                              
                                                  
l.141 Giswater a l’
                   option d'ajouter des valeurs par défaut aux paramčtres ob...

You need to provide a definition with \DeclareInputText 
or \DeclareInputMath before using this key.

[31 <C:/workspace/giswater_docs/utils/img/0305_EN.jpg>]
! Missing $ inserted.
<inserted text> 
                $
l.145 ...lles qui sont gérées via la table config_
                                                  param_user. Habituellement...
I've inserted a begin-math/end-math symbol since I think
you left one out. Proceed, with fingers crossed.


LaTeX Warning: Command \' invalid in math mode on input line 145.


LaTeX Warning: Command \' invalid in math mode on input line 145.


LaTeX Warning: Command \` invalid in math mode on input line 146.


LaTeX Warning: Command \^ invalid in math mode on input line 146.


LaTeX Warning: Command \' invalid in math mode on input line 146.


LaTeX Warning: Command \' invalid in math mode on input line 146.


LaTeX Warning: Command \^ invalid in math mode on input line 146.


LaTeX Warning: Command \' invalid in math mode on input line 146.


LaTeX Warning: Command \' invalid in math mode on input line 146.


! Package inputenc Error: Keyboard character used is undefined
(inputenc)                in inputencoding `latin1'.

See the inputenc package documentation for explanation.
Type  H <return>  for immediate help.
 ...                                              
                                                  
l.146 ...serait celui de la municipalité, si il n’
                                                  y en a qu’un seul, la vale...

You need to provide a definition with \DeclareInputText 
or \DeclareInputMath before using this key.


! Package inputenc Error: Keyboard character used is undefined
(inputenc)                in inputencoding `latin1'.

See the inputenc package documentation for explanation.
Type  H <return>  for immediate help.
 ...                                              
                                                  
l.146 ...ui de la municipalité, si il n’y en a qu’
                                                  un seul, la valeur du cham...

You need to provide a definition with \DeclareInputText 
or \DeclareInputMath before using this key.


LaTeX Warning: Command \^ invalid in math mode on input line 146.


LaTeX Warning: Command \' invalid in math mode on input line 147.


LaTeX Warning: Command \' invalid in math mode on input line 147.

! Missing $ inserted.
<inserted text> 
                $
l.148 
      
I've inserted a begin-math/end-math symbol since I think
you left one out. Proceed, with fingers crossed.

Missing character: There is no é in font cmr10!
Missing character: There is no é in font cmr10!
Missing character: There is no č in font cmr10!
Missing character: There is no ę in font cmr10!
Missing character: There is no é in font cmr10!
Missing character: There is no é in font cmr10!
Missing character: There is no ę in font cmr10!
Missing character: There is no é in font cmr10!
Missing character: There is no é in font cmr10!
Missing character: There is no ę in font cmr10!
Missing character: There is no é in font cmr10!
Missing character: There is no é in font cmr10!

Overfull \hbox (1284.48683pt too wide) in paragraph at lines 145--148
[]\T1/cmr/m/n/10 Les va-leurs par dé-faut de l'uti-li-sa-teur sont celles qui s
ont gé-rées via la table config$[]\OML/cmm/m/it/10 aram[]ser:Habituellement; ce
svaleurssontutilisespendantleprocessusd[]insertiondesdonnes:Lesparatrescorrespo
ndantspeuventtreajoutsdansconfig[]aram[]ser:Unexempleclairdelavaleurpardfautqui
peuttreutilisseraitceluidelamunicipalit; siilnyenaquunseul; lavaleurduchampmuni
[]dpourraittreinsrautomatiquement:$ 
 []


! Package inputenc Error: Keyboard character used is undefined
(inputenc)                in inputencoding `latin1'.

See the inputenc package documentation for explanation.
Type  H <return>  for immediate help.
 ...                                              
                                                  
l.150 ... valeur par défaut du secteur est = 2, l’
                                                  élément sera inséré avec s...

You need to provide a definition with \DeclareInputText 
or \DeclareInputMath before using this key.


! Package inputenc Error: Keyboard character used is undefined
(inputenc)                in inputencoding `latin1'.

See the inputenc package documentation for explanation.
Type  H <return>  for immediate help.
 ...                                              
                                                  
l.152 ...e de gérer les valeurs par défaut dans l’
                                                  outil de configuration du ...

You need to provide a definition with \DeclareInputText 
or \DeclareInputMath before using this key.


! Package inputenc Error: Keyboard character used is undefined
(inputenc)                in inputencoding `latin1'.

See the inputenc package documentation for explanation.
Type  H <return>  for immediate help.
 ...                                              
                                                  
l.162 La relation entre les arcs et les nś
                                          uds est probablement la plus impor...

You need to provide a definition with \DeclareInputText 
or \DeclareInputMath before using this key.

[32]

! Package inputenc Error: Keyboard character used is undefined
(inputenc)                in inputencoding `latin1'.

See the inputenc package documentation for explanation.
Type  H <return>  for immediate help.
 ...                                              
                                                  
l.164 ...erreurs topologiques liées aux arcs et nś
                                                  uds. Plus tard, nous verro...

You need to provide a definition with \DeclareInputText 
or \DeclareInputMath before using this key.


! Package inputenc Error: Keyboard character used is undefined
(inputenc)                in inputencoding `latin1'.

See the inputenc package documentation for explanation.
Type  H <return>  for immediate help.
 ...                                              
                                                  
l.168 ...swater, qui tiennent compte du type de nś
                                                  ud. Par exemple, il existe...

You need to provide a definition with \DeclareInputText 
or \DeclareInputMath before using this key.


! Package inputenc Error: Keyboard character used is undefined
(inputenc)                in inputencoding `latin1'.

See the inputenc package documentation for explanation.
Type  H <return>  for immediate help.
 ...                                              
                                                  
l.168 ...d. Par exemple, il existe des types de nś
                                                  uds qui doivent avoir une ...

You need to provide a definition with \DeclareInputText 
or \DeclareInputMath before using this key.


! Package inputenc Error: Keyboard character used is undefined
(inputenc)                in inputencoding `latin1'.

See the inputenc package documentation for explanation.
Type  H <return>  for immediate help.
 ...                                              
                                                  
l.169 ...oivent toujours ętre placés entre deux nś
                                                  uds différents (avec un id...

You need to provide a definition with \DeclareInputText 
or \DeclareInputMath before using this key.


! Package inputenc Error: Keyboard character used is undefined
(inputenc)                in inputencoding `latin1'.

See the inputenc package documentation for explanation.
Type  H <return>  for immediate help.
 ...                                              
                                                  
l.169 ...arc qui commence et se termine au męme nś
                                                  ud est incorrect. Cela peu...

You need to provide a definition with \DeclareInputText 
or \DeclareInputMath before using this key.


! Package inputenc Error: Keyboard character used is undefined
(inputenc)                in inputencoding `latin1'.

See the inputenc package documentation for explanation.
Type  H <return>  for immediate help.
 ...                                              
                                                  
l.169 ...n'autorisera pas les arcs avec le męme nś
                                                  ud de début et de fin; si ...

You need to provide a definition with \DeclareInputText 
or \DeclareInputMath before using this key.


! Package inputenc Error: Keyboard character used is undefined
(inputenc)                in inputencoding `latin1'.

See the inputenc package documentation for explanation.
Type  H <return>  for immediate help.
 ...                                              
                                                  
l.174 ... sont la direction de numérisation, le nś
                                                  ud auquel il appartient (f...

You need to provide a definition with \DeclareInputText 
or \DeclareInputMath before using this key.


! Package inputenc Error: Keyboard character used is undefined
(inputenc)                in inputencoding `latin1'.

See the inputenc package documentation for explanation.
Type  H <return>  for immediate help.
 ...                                              
                                                  
l.174 ...l il appartient (fonctionnalité) et le nś
                                                  ud de sortie (sortie), ain...

You need to provide a definition with \DeclareInputText 
or \DeclareInputMath before using this key.


! Package inputenc Error: Keyboard character used is undefined
(inputenc)                in inputencoding `latin1'.

See the inputenc package documentation for explanation.
Type  H <return>  for immediate help.
 ...                                              
                                                  
l.174 ...ntermédiaire (autre connec ou gully), qu’
                                                  en une fois ils soient dir...

You need to provide a definition with \DeclareInputText 
or \DeclareInputMath before using this key.


! Package inputenc Error: Keyboard character used is undefined
(inputenc)                in inputencoding `latin1'.

See the inputenc package documentation for explanation.
Type  H <return>  for immediate help.
 ...                                              
                                                  
l.176 ...ů l'élément de sortie est un arc ou un nś
                                                  ud, l'arc\_id sera automat...

You need to provide a definition with \DeclareInputText 
or \DeclareInputMath before using this key.


! Package inputenc Error: Keyboard character used is undefined
(inputenc)                in inputencoding `latin1'.

See the inputenc package documentation for explanation.
Type  H <return>  for immediate help.
 ...                                              
                                                  
l.176 ...anche, si l'élément de sortie n'est ni nś
                                                  ud, ni connec, ni gully, u...

You need to provide a definition with \DeclareInputText 
or \DeclareInputMath before using this key.


! Package inputenc Error: Keyboard character used is undefined
(inputenc)                in inputencoding `latin1'.

See the inputenc package documentation for explanation.
Type  H <return>  for immediate help.
 ...                                              
                                                  
l.176 ...n'est ni nśud, ni connec, ni gully, un nś
                                                  ud appelé nśud virtuel (Vn...

You need to provide a definition with \DeclareInputText 
or \DeclareInputMath before using this key.


! Package inputenc Error: Keyboard character used is undefined
(inputenc)                in inputencoding `latin1'.

See the inputenc package documentation for explanation.
Type  H <return>  for immediate help.
 ...                                              
                                                  
l.176 ...d, ni connec, ni gully, un nśud appelé nś
                                                  ud virtuel (Vnode) est cré...

You need to provide a definition with \DeclareInputText 
or \DeclareInputMath before using this key.

! Argument of \begin  has an extra }.
<inserted text> 
                \par 
l.179 \begin}
             {enumerate}
I've run across a `}' that doesn't seem to match anything.
For example, `\def\a#1{...}' and `\a}' would produce
this error. If you simply proceed now, the `\par' that
I've just inserted will cause me to report a runaway
argument that might be the root of the problem. But if
your `}' was spurious, just type `2' and it will go away.

Runaway argument?
! Paragraph ended before \begin  was complete.
<to be read again> 
                   \par 
l.179 \begin}
             {enumerate}
I suspect you've forgotten a `}', causing me to apply this
control sequence to too much text. How can we recover?
My plan is to forget the whole thing and hope for the best.

! Too many }'s.
<recently read> }
                 
l.179 \begin}
             {enumerate}
You've closed more groups than you opened.
Such booboos are generally harmless, so keep going.

[33]

! LaTeX Error: Lonely \item--perhaps a missing list environment.

See the LaTeX manual or LaTeX Companion for explanation.
Type  H <return>  for immediate help.
 ...                                              
                                                  
l.180 \item C
             oncernant son nśud d'entité (qui est en amont), le lien agit co...

Try typing  <return>  to proceed.
If that doesn't work, type  X <return>  to quit.


Underfull \hbox (badness 10000) detected at line 180
[][]
 []


! Package inputenc Error: Keyboard character used is undefined
(inputenc)                in inputencoding `latin1'.

See the inputenc package documentation for explanation.
Type  H <return>  for immediate help.
 ...                                              
                                                  
l.180 \item Concernant son nś
                             ud d'entité (qui est en amont), le lien agit co...

You need to provide a definition with \DeclareInputText 
or \DeclareInputMath before using this key.


! Package inputenc Error: Keyboard character used is undefined
(inputenc)                in inputencoding `latin1'.

See the inputenc package documentation for explanation.
Type  H <return>  for immediate help.
 ...                                              
                                                  
l.187 ...ossible d'avoir plus d'un lien pour un nś
                                                  ud d'entité (car ils peuve...

You need to provide a definition with \DeclareInputText 
or \DeclareInputMath before using this key.


! LaTeX Error: Lonely \item--perhaps a missing list environment.

See the LaTeX manual or LaTeX Companion for explanation.
Type  H <return>  for immediate help.
 ...                                              
                                                  
l.189 \item E
             n ce qui concerne la sortie du point de sortie (celle qui est e...

Try typing  <return>  to proceed.
If that doesn't work, type  X <return>  to quit.


Underfull \hbox (badness 10000) detected at line 189
[][]
 []

! Undefined control sequence.
l.194 \ite
          , Si l'élément de sortie est un connec ou un ravin, la valeur arc\...
The control sequence at the end of the top line
of your error message was never \def'ed. If you have
misspelled it (e.g., `\hobx'), type `I' and the correct
spelling (e.g., `I\hbox'). Otherwise just continue,
and I'll forget about whatever was undefined.


! Package inputenc Error: Keyboard character used is undefined
(inputenc)                in inputencoding `latin1'.

See the inputenc package documentation for explanation.
Type  H <return>  for immediate help.
 ...                                              
                                                  
l.195 ...n arc ou un autre, le champ arc\_id du nś
                                                  ud d'entité est toujours m...

You need to provide a definition with \DeclareInputText 
or \DeclareInputMath before using this key.


! Package inputenc Error: Keyboard character used is undefined
(inputenc)                in inputencoding `latin1'.

See the inputenc package documentation for explanation.
Type  H <return>  for immediate help.
 ...                                              
                                                  
l.196 ...onnecte le lien de l'arc, l'arc\_id du nś
                                                  ud d'entité sera automatiq...

You need to provide a definition with \DeclareInputText 
or \DeclareInputMath before using this key.


! LaTeX Error: Lonely \item--perhaps a missing list environment.

See the LaTeX manual or LaTeX Companion for explanation.
Type  H <return>  for immediate help.
 ...                                              
                                                  
l.198 \item E
             n cas d'utilisation de l'outil de connexion automatique de conn...

Try typing  <return>  to proceed.
If that doesn't work, type  X <return>  to quit.


Underfull \hbox (badness 10000) detected at line 198
[][]
 []

! Missing $ inserted.
<inserted text> 
                $
l.198 ...ue de connec ou gully au réseau (connect_
                                                  to_network):
I've inserted a begin-math/end-math symbol since I think
you left one out. Proceed, with fingers crossed.

! Missing $ inserted.
<inserted text> 
                $
l.199 \begin{itemize}
                     
I've inserted a begin-math/end-math symbol since I think
you left one out. Proceed, with fingers crossed.

! Missing \endgroup inserted.
<inserted text> 
                \endgroup 
l.199 \begin{itemize}
                     
I've inserted something that you may have forgotten.
(See the <inserted text> above.)
With luck, this will get me unwedged. But if you
really didn't forget anything, try typing `2' now; then
my insertion and my current dilemma will both disappear.


! LaTeX Error: Lonely \item--perhaps a missing list environment.

See the LaTeX manual or LaTeX Companion for explanation.
Type  H <return>  for immediate help.
 ...                                              
                                                  
l.200 \item L
             'outil créera, si nécessaire, un vnode. Dans le cas oů ce vnode...

Try typing  <return>  to proceed.
If that doesn't work, type  X <return>  to quit.


Underfull \hbox (badness 10000) detected at line 200
[][]
 []


! LaTeX Error: Lonely \item--perhaps a missing list environment.

See the LaTeX manual or LaTeX Companion for explanation.
Type  H <return>  for immediate help.
 ...                                              
                                                  
l.201 \item L
             e lien créé par l'outil est toujours la distance la plus courte...

Try typing  <return>  to proceed.
If that doesn't work, type  X <return>  to quit.


Underfull \hbox (badness 10000) detected at line 201
[][]
 []


! LaTeX Error: Lonely \item--perhaps a missing list environment.

See the LaTeX manual or LaTeX Companion for explanation.
Type  H <return>  for immediate help.
 ...                                              
                                                  
l.202 \item L
             e lien créé a comme valeur par défaut le champ userdefined\_geo...

Try typing  <return>  to proceed.
If that doesn't work, type  X <return>  to quit.


Underfull \hbox (badness 10000) detected at line 202
[][]
 []

[34]

! LaTeX Error: Lonely \item--perhaps a missing list environment.

See the LaTeX manual or LaTeX Companion for explanation.
Type  H <return>  for immediate help.
 ...                                              
                                                  
l.203 \item S
             i les valeurs de userdefined\_geom sont TRUE, l'outil automatiq...

Try typing  <return>  to proceed.
If that doesn't work, type  X <return>  to quit.


Underfull \hbox (badness 10000) detected at line 203
[][]
 []


! LaTeX Error: \begin{document} ended by \end{itemize}.

See the LaTeX manual or LaTeX Companion for explanation.
Type  H <return>  for immediate help.
 ...                                              
                                                  
l.204 \end{itemize}
                   
Your command was ignored.
Type  I <command> <return>  to replace it with another command,
or  <return>  to continue without it.

! Extra \endgroup.
<recently read> \endgroup 
                          
l.204 \end{itemize}
                   
Things are pretty mixed up, but I think the worst is over.


! LaTeX Error: Lonely \item--perhaps a missing list environment.

See the LaTeX manual or LaTeX Companion for explanation.
Type  H <return>  for immediate help.
 ...                                              
                                                  
l.205 \item C
             omme le lien est un élément qui relie deux autres éléments, si ...

Try typing  <return>  to proceed.
If that doesn't work, type  X <return>  to quit.


Underfull \hbox (badness 10000) detected at line 205
[][]
 []


! LaTeX Error: \begin{document} ended by \end{enumerate}.

See the LaTeX manual or LaTeX Companion for explanation.
Type  H <return>  for immediate help.
 ...                                              
                                                  
l.206 \end{enumerate}
                     
Your command was ignored.
Type  I <command> <return>  to replace it with another command,
or  <return>  to continue without it.

! Extra \endgroup.
<recently read> \endgroup 
                          
l.206 \end{enumerate}
                     
Things are pretty mixed up, but I think the worst is over.

<C:/workspace/giswater_docs/utils/img/0306_EN.jpg, id=172, 409.53pt x 57.21375p
t>
File: C:/workspace/giswater_docs/utils/img/0306_EN.jpg Graphic file (type jpg)
<use C:/workspace/giswater_docs/utils/img/0306_EN.jpg>
Package pdftex.def Info: C:/workspace/giswater_docs/utils/img/0306_EN.jpg  used
 on input line 213.
(pdftex.def)             Requested size: 409.52899pt x 57.2136pt.

! Package inputenc Error: Keyboard character used is undefined
(inputenc)                in inputencoding `latin1'.

See the inputenc package documentation for explanation.
Type  H <return>  for immediate help.
 ...                                              
                                                  
l.216 Lors de l'ajout d'un nouveau nś
                                     ud de l'un des types répertoriés, un po...

You need to provide a definition with \DeclareInputText 
or \DeclareInputMath before using this key.


! Package inputenc Error: Keyboard character used is undefined
(inputenc)                in inputencoding `latin1'.

See the inputenc package documentation for explanation.
Type  H <return>  for immediate help.
 ...                                              
                                                  
l.221 ...haité par l'utilisateur et autour d'un nś
                                                  ud du męme type, le nouvea...

You need to provide a definition with \DeclareInputText 
or \DeclareInputMath before using this key.


! Package inputenc Error: Keyboard character used is undefined
(inputenc)                in inputencoding `latin1'.

See the inputenc package documentation for explanation.
Type  H <return>  for immediate help.
 ...                                              
                                                  
l.222 ...essiner un nouveau polygone sans qu'un nś
                                                  ud du męme type ne s'y trouve

You need to provide a definition with \DeclareInputText 
or \DeclareInputMath before using this key.


! Package inputenc Error: Keyboard character used is undefined
(inputenc)                in inputencoding `latin1'.

See the inputenc package documentation for explanation.
Type  H <return>  for immediate help.
 ...                                              
                                                  
l.223 \item Si un nś
                    ud ŕ double géométrie est supprimé, le polygone associé ...

You need to provide a definition with \DeclareInputText 
or \DeclareInputMath before using this key.


! Package inputenc Error: Keyboard character used is undefined
(inputenc)                in inputencoding `latin1'.

See the inputenc package documentation for explanation.
Type  H <return>  for immediate help.
 ...                                              
                                                  
l.223 ...ne peut ętre supprimé sans modifier le nś
                                                  ud.
You need to provide a definition with \DeclareInputText 
or \DeclareInputMath before using this key.


! Package inputenc Error: Keyboard character used is undefined
(inputenc)                in inputencoding `latin1'.

See the inputenc package documentation for explanation.
Type  H <return>  for immediate help.
 ...                                              
                                                  
l.228 ...e ŕ jour) entre arc et les éléments du nś
                                                  ud sont présentés. Il conv...

You need to provide a definition with \DeclareInputText 
or \DeclareInputMath before using this key.

[35 <C:/workspace/giswater_docs/utils/img/0306_EN.jpg>]
<C:/workspace/giswater_docs/utils/img/0307_EN.jpg, id=176, 400.49625pt x 256.70
906pt>
File: C:/workspace/giswater_docs/utils/img/0307_EN.jpg Graphic file (type jpg)
<use C:/workspace/giswater_docs/utils/img/0307_EN.jpg>
Package pdftex.def Info: C:/workspace/giswater_docs/utils/img/0307_EN.jpg  used
 on input line 232.
(pdftex.def)             Requested size: 400.49527pt x 256.70842pt.

! Missing $ inserted.
<inserted text> 
                $
l.238 ...ins un enregistrement dans la table plan_
                                                  psector, qui est utilisé p...
I've inserted a begin-math/end-math symbol since I think
you left one out. Proceed, with fingers crossed.


LaTeX Warning: Command \' invalid in math mode on input line 238.


LaTeX Warning: Command \' invalid in math mode on input line 238.


LaTeX Warning: Command \' invalid in math mode on input line 239.


LaTeX Warning: Command \' invalid in math mode on input line 239.


LaTeX Warning: Command \' invalid in math mode on input line 239.


! Package inputenc Error: Keyboard character used is undefined
(inputenc)                in inputencoding `latin1'.

See the inputenc package documentation for explanation.
Type  H <return>  for immediate help.
 ...                                              
                                                  
l.239 ...r défaut pour psector. Des arcs et des nś
                                                  uds seront insérés avec ce
You need to provide a definition with \DeclareInputText 
or \DeclareInputMath before using this key.


LaTeX Warning: Command \' invalid in math mode on input line 239.


LaTeX Warning: Command \' invalid in math mode on input line 239.


LaTeX Warning: Command \' invalid in math mode on input line 240.


LaTeX Warning: Command \' invalid in math mode on input line 240.

! Double subscript.
l.240 ... dans les tables spécifiques: plan_arc_x_
                                                  psector et plan_node_x_pse...
I treat `x_1_2' essentially like `x_1{}_2'.

! Double subscript.
l.240 ...iques: plan_arc_x_psector et plan_node_x_
                                                  psector. Il est important ...
I treat `x_1_2' essentially like `x_1{}_2'.


LaTeX Warning: Command \' invalid in math mode on input line 240.


LaTeX Warning: Command \' invalid in math mode on input line 241.


LaTeX Warning: Command \' invalid in math mode on input line 242.


LaTeX Warning: Command \' invalid in math mode on input line 242.


! Package inputenc Error: Keyboard character used is undefined
(inputenc)                in inputencoding `latin1'.

See the inputenc package documentation for explanation.
Type  H <return>  for immediate help.
 ...                                              
                                                  
l.242 Tous les éléments, qu'il s'agisse de nś
                                             uds ou d'arcs, qui ont un état ...

You need to provide a definition with \DeclareInputText 
or \DeclareInputMath before using this key.


LaTeX Warning: Command \' invalid in math mode on input line 242.


LaTeX Warning: Command \' invalid in math mode on input line 243.


LaTeX Warning: Command \' invalid in math mode on input line 243.


LaTeX Warning: Command \' invalid in math mode on input line 244.


LaTeX Warning: Command \` invalid in math mode on input line 244.


LaTeX Warning: Command \^ invalid in math mode on input line 244.


LaTeX Warning: Command \' invalid in math mode on input line 244.


LaTeX Warning: Command \' invalid in math mode on input line 244.

! Missing $ inserted.
<inserted text> 
                $
l.245 
      
I've inserted a begin-math/end-math symbol since I think
you left one out. Proceed, with fingers crossed.

! Missing } inserted.
<inserted text> 
                }
l.245 
      
I've inserted something that you may have forgotten.
(See the <inserted text> above.)
With luck, this will get me unwedged. But if you
really didn't forget anything, try typing `2' now; then
my insertion and my current dilemma will both disappear.

Missing character: There is no é in font cmr10!
Missing character: There is no é in font cmr10!
Missing character: There is no é in font cmr10!
Missing character: There is no é in font cmr10!
Missing character: There is no é in font cmr10!
Missing character: There is no é in font cmr10!
Missing character: There is no é in font cmr10!
Missing character: There is no é in font cmr10!
Missing character: There is no é in font cmr10!
Missing character: There is no é in font cmr10!
Missing character: There is no é in font cmr10!
Missing character: There is no é in font cmr10!
Missing character: There is no é in font cmr10!
Missing character: There is no é in font cmr10!
Missing character: There is no é in font cmr10!
Missing character: There is no é in font cmr10!
Missing character: There is no é in font cmr10!
Missing character: There is no č in font cmr10!
Missing character: There is no ę in font cmr10!
Missing character: There is no é in font cmr10!
Missing character: There is no é in font cmr10!

Overfull \hbox (411.58177pt too wide) in paragraph at lines 235--245
\T1/cmr/m/n/10 plan$[]\OML/cmm/m/it/10 sector; quiestutilispourgrerlePlanificat
ion:Ilestgalementessentieldedfinirunevaleurpardfautpourpsector:Desarcsetdesnuds
serontinsrsaveccevaleurpardfautdanslestablesspcifiques \OT1/cmr/m/n/10 :
 []


Overfull \hbox (1397.77307pt too wide) in paragraph at lines 235--245
\OML/cmm/m/it/10 plan[]rc[][]sectoretplan[]ode[][]sector:Ilestimportantdevrifie
rchampsd[]tatetfaisables:Tousleslments; qu[]ils[]agissedenudsoud[]arcs; quiontu
ntatdeservice\OT1/cmr/m/n/10 (1)\OML/cmm/m/it/10 etl[]utilisateurlesmodifiemanu
ellementenPlanifi; seraautomatiquementintroduitdanslepsectorpardfautactuellemen
tdisponible:Bienquecelalechangementestautorisparlesrglestopologiques; ilnedevra
itpastrehabitueldepasserunlmentOnServicedansPlanified:[]$ 
 []

! Extra }, or forgotten \endgroup.
\par ...m \@noitemerr {\@@par }\fi \else {\@@par }
                                                  \fi 
l.245 
      
I've deleted a group-closing symbol because it seems to be
spurious, as in `$x}$'. But perhaps the } is legitimate and
you forgot something else, as in `\hbox{$x}'. In such cases
the way to recover is to insert both the forgotten and the
deleted material, e.g., by typing `I$}'.

<C:/workspace/giswater_docs/utils/img/0308_EN.jpg, id=177, 356.83313pt x 65.494
69pt>
File: C:/workspace/giswater_docs/utils/img/0308_EN.jpg Graphic file (type jpg)
<use C:/workspace/giswater_docs/utils/img/0308_EN.jpg>
Package pdftex.def Info: C:/workspace/giswater_docs/utils/img/0308_EN.jpg  used
 on input line 248.
(pdftex.def)             Requested size: 356.83224pt x 65.4945pt.

! Package inputenc Error: Keyboard character used is undefined
(inputenc)                in inputencoding `latin1'.

See the inputenc package documentation for explanation.
Type  H <return>  for immediate help.
 ...                                              
                                                  
l.252 ...sus d'insertion d'un nouvel élément de nś
                                                  ud. Dans le diagramme, le ...

You need to provide a definition with \DeclareInputText 
or \DeclareInputMath before using this key.


! Package inputenc Error: Keyboard character used is undefined
(inputenc)                in inputencoding `latin1'.

See the inputenc package documentation for explanation.
Type  H <return>  for immediate help.
 ...                                              
                                                  
l.255 nś
        ud qui n'appartient pas aux catalogues, nous ne réussirons pas.
You need to provide a definition with \DeclareInputText 
or \DeclareInputMath before using this key.

[36 <C:/workspace/giswater_docs/utils/img/0307_EN.jpg> <C:/workspace/giswater_d
ocs/utils/img/0308_EN.jpg>]
<C:/workspace/giswater_docs/utils/img/0309_EN.jpg, id=181, 356.0803pt x 245.416
87pt>
File: C:/workspace/giswater_docs/utils/img/0309_EN.jpg Graphic file (type jpg)
<use C:/workspace/giswater_docs/utils/img/0309_EN.jpg>
Package pdftex.def Info: C:/workspace/giswater_docs/utils/img/0309_EN.jpg  used
 on input line 259.
(pdftex.def)             Requested size: 356.07944pt x 245.41626pt.


! Package inputenc Error: Keyboard character used is undefined
(inputenc)                in inputencoding `latin1'.

See the inputenc package documentation for explanation.
Type  H <return>  for immediate help.
 ...                                              
                                                  
l.260 ...squels l'insertion ne sera pas correcte.}
                                                  
You need to provide a definition with \DeclareInputText 
or \DeclareInputMath before using this key.


! Package inputenc Error: Keyboard character used is undefined
(inputenc)                in inputencoding `latin1'.

See the inputenc package documentation for explanation.
Type  H <return>  for immediate help.
 ...                                              
                                                  
l.260 ...squels l'insertion ne sera pas correcte.}
                                                  
You need to provide a definition with \DeclareInputText 
or \DeclareInputMath before using this key.

) [37 <C:/workspace/giswater_docs/utils/img/0309_EN.jpg>]

! LaTeX Error: \begin{itemize} on input line 219 ended by \end{document}.

See the LaTeX manual or LaTeX Companion for explanation.
Type  H <return>  for immediate help.
 ...                                              
                                                  
l.110 \end{document}
                    
Your command was ignored.
Type  I <command> <return>  to replace it with another command,
or  <return>  to continue without it.

(main.aux) )
(\end occurred inside a group at level 1)

### semi simple group (level 1) entered at line 219 (\begingroup)
### bottom level 
Here is how much of TeX's memory you used:
 5611 strings out of 492484
 90015 string characters out of 3124327
 167574 words of memory out of 3000000
 9835 multiletter control sequences out of 15000+200000
 16350 words of font info for 38 fonts, out of 3000000 for 9000
 1141 hyphenation exceptions out of 8191
 51i,12n,45p,853b,437s stack positions out of 5000i,500n,10000p,200000b,50000s
 <C:\Users\USUARI\AppData\Local\MiKTeX\2.9\fonts/pk/ljfour/jkna
ppen/ec/dpi600\ecti1000.pk> <C:\Users\USUARI\AppData\Local\MiKTeX\2.9\fonts/pk/
ljfour/jknappen/ec/dpi600\eccc1000.pk> <C:\Users\USUARI\AppData\Local\MiKTeX\2.
9\fonts/pk/ljfour/jknappen/ec/dpi600\ecbx1200.pk> <C:\Users\USUARI\AppData\Loca
l\MiKTeX\2.9\fonts/pk/ljfour/jknappen/ec/dpi600\ecbx1000.pk> <C:\Users\USUARI\A
ppData\Local\MiKTeX\2.9\fonts/pk/ljfour/jknappen/ec/dpi600\ecbx1440.pk> <C:\Use
rs\USUARI\AppData\Local\MiKTeX\2.9\fonts/pk/ljfour/jknappen/ec/dpi600\ecrm1000.
pk> <C:\Users\USUARI\AppData\Local\MiKTeX\2.9\fonts/pk/ljfour/jknappen/ec/dpi60
0\ecrm1200.pk> <C:\Users\USUARI\AppData\Local\MiKTeX\2.9\fonts/pk/ljfour/jknapp
en/ec/dpi600\ecsx1200.pk> <C:\Users\USUARI\AppData\Local\MiKTeX\2.9\fonts/pk/lj
four/jknappen/ec/dpi600\ecsx1728.pk><C:/Users/USUARI/Desktop/Latex/installation
/fonts/type1/public/amsfonts/cm/cmmi10.pfb><C:/Users/USUARI/Desktop/Latex/insta
llation/fonts/type1/public/amsfonts/cm/cmmi7.pfb><C:/Users/USUARI/Desktop/Latex
/installation/fonts/type1/public/amsfonts/cm/cmr10.pfb><C:/Users/USUARI/Desktop
/Latex/installation/fonts/type1/public/amsfonts/cm/cmsy10.pfb><C:/Users/USUARI/
Desktop/Latex/installation/fonts/type1/public/amsfonts/cm/cmsy7.pfb>
Output written on main.pdf (41 pages, 1910205 bytes).
PDF statistics:
 565 PDF objects out of 1000 (max. 8388607)
 0 named destinations out of 1000 (max. 500000)
 171 words of extra memory for PDF output out of 10000 (max. 10000000)

